<?xml version="1.0" encoding="UTF-8"?>
<!-- Generated by org.testng.reporters.JUnitReportReporter -->
<testsuite skipped="0" hostname="rajesh-PC" name="sampleTest" tests="3" failures="0" timestamp="27 Jun 2018 10:18:47 GMT" time="0.016" errors="0">
  <testcase name="g" time="0.003" classname="sampleTest"/>
  <testcase name="h" time="0.003" classname="sampleTest"/>
  <testcase name="f" time="0.010" classname="sampleTest"/>
</testsuite> <!-- sampleTest -->
